00:41:39.048 [main] WARN AppMapConfig.load: 12 patterns found in config, startup performance may be impacted
00:41:39.050 [main] INFO Agent.premain: To disable the automatic creation of this log file, set the system property appmap.disableLogFile to 'true'
00:41:39.050 [main] INFO Agent.premain: Agent version 1.26.5, current time mills: 1712257898118
00:41:39.051 [main] INFO Agent.premain: config: {
	"configFile":"D:\\BIT Notes\\Project\\Project\\rms\\appmap.yml",
	"name":"rms",
	"packages":[{
		"allMethods":true,
		"exclude":[],
		"path":"lk.steam.rms",
		"shallow":false
	},{
		"allMethods":true,
		"exclude":[],
		"path":"static.resources.bootstrap-5.2.3.css",
		"shallow":false
	},{
		"allMethods":true,
		"exclude":[],
		"path":"static.resources.bootstrap-5.2.3.js",
		"shallow":false
	},{
		"allMethods":true,
		"exclude":[],
		"path":"static.resources.chosen-1.8.7",
		"shallow":false
	},{
		"allMethods":true,
		"exclude":[],
		"path":"static.resources.css",
		"shallow":false
	},{
		"allMethods":true,
		"exclude":[],
		"path":"static.resources.daterangepicker",
		"shallow":false
	},{
		"allMethods":true,
		"exclude":[],
		"path":"static.resources.fontawesome-6.4.2",
		"shallow":false
	},{
		"allMethods":true,
		"exclude":[],
		"path":"static.resources.images",
		"shallow":false
	},{
		"allMethods":true,
		"exclude":[],
		"path":"static.resources.jquery",
		"shallow":false
	},{
		"allMethods":true,
		"exclude":[],
		"path":"static.resources.js",
		"shallow":false
	},{
		"allMethods":true,
		"exclude":[],
		"path":"static.resources.sheetJS-0.20.0",
		"shallow":false
	},{
		"allMethods":true,
		"exclude":[],
		"path":"templates",
		"shallow":false
	}]
}
00:41:39.374 [main] INFO Agent.premain: System properties: {java.specification.version=17, sun.cpu.isalist=amd64, sun.jnu.encoding=Cp1252, java.class.path=D:\BIT Notes\Project\Project\rms\build\classes\java\main;D:\BIT Notes\Project\Project\rms\build\resources\main;C:\Users\Lonewolf\.gradle\caches\modules-2\files-2.1\org.projectlombok\lombok\1.18.30\f195ee86e6c896ea47a1d39defbe20eb59cd149d\lombok-1.18.30.jar;C:\Users\Lonewolf\.gradle\caches\modules-2\files-2.1\org.springframework.boot\spring-boot-starter-data-jpa\3.2.1\3d48124f433375cf0113aa69603021635b55a21a\spring-boot-starter-data-jpa-3.2.1.jar;C:\Users\Lonewolf\.gradle\caches\modules-2\files-2.1\org.springframework.boot\spring-boot-starter-thymeleaf\3.2.1\47e7961d0b77a14d4eb10807f7a0cf25bd68b1f2\spring-boot-starter-thymeleaf-3.2.1.jar;C:\Users\Lonewolf\.gradle\caches\modules-2\files-2.1\org.springframework.boot\spring-boot-starter-validation\3.2.1\54a35ea1de2c7de2c701e93740228240218cc9dd\spring-boot-starter-validation-3.2.1.jar;C:\Users\Lonewolf\.gradle\caches\modules-2\files-2.1\org.springframework.boot\spring-boot-starter-web\3.2.1\e27e36d4222fd4d589e634e1c7f5f09f0316147c\spring-boot-starter-web-3.2.1.jar;C:\Users\Lonewolf\.gradle\caches\modules-2\files-2.1\org.springframework.boot\spring-boot-starter-aop\3.2.1\e8daf5422a28d8b2e304a00090a8fe730bda0e6c\spring-boot-starter-aop-3.2.1.jar;C:\Users\Lonewolf\.gradle\caches\modules-2\files-2.1\org.springframework.boot\spring-boot-starter-jdbc\3.2.1\e3de1c46cd238d55f0c2a5f5ea416fadce000318\spring-boot-starter-jdbc-3.2.1.jar;C:\Users\Lonewolf\.gradle\caches\modules-2\files-2.1\org.hibernate.orm\hibernate-core\6.4.1.Final\3dcefddf6609e6491d37208bcc0cab1273598cbd\hibernate-core-6.4.1.Final.jar;C:\Users\Lonewolf\.gradle\caches\modules-2\files-2.1\org.springframework.data\spring-data-jpa\3.2.1\230869eb3094a2eb1cb0b077f7990e7f47062f53\spring-data-jpa-3.2.1.jar;C:\Users\Lonewolf\.gradle\caches\modules-2\files-2.1\org.springframework\spring-aspects\6.1.2\423247e0be90804888668ea16d7e7f0d9168a7b9\spring-aspects-6.1.2.jar;C:\Users\Lonewolf\.gradle\caches\modules-2\files-2.1\org.springframework.boot\spring-boot-starter\3.2.1\bc03d7075fb9d9d4877218db48d5dae3dd72a65d\spring-boot-starter-3.2.1.jar;C:\Users\Lonewolf\.gradle\caches\modules-2\files-2.1\org.thymeleaf\thymeleaf-spring6\3.1.2.RELEASE\6030c7b4e260c41336f378e53da6e8531263f24b\thymeleaf-spring6-3.1.2.RELEASE.jar;C:\Users\Lonewolf\.gradle\caches\modules-2\files-2.1\org.apache.tomcat.embed\tomcat-embed-el\10.1.17\9ad7312421535d7d3aabe0f541e852baccb59726\tomcat-embed-el-10.1.17.jar;C:\Users\Lonewolf\.gradle\caches\modules-2\files-2.1\org.hibernate.validator\hibernate-validator\8.0.1.Final\e49e116b3d3928060599b176b3538bb848718e95\hibernate-validator-8.0.1.Final.jar;C:\Users\Lonewolf\.gradle\caches\modules-2\files-2.1\org.springframework.boot\spring-boot-starter-json\3.2.1\ecda50de20ab6d3c49ea30df4c1982048f5d31ac\spring-boot-starter-json-3.2.1.jar;C:\Users\Lonewolf\.gradle\caches\modules-2\files-2.1\org.springframework.boot\spring-boot-starter-tomcat\3.2.1\d8efc48034015522958cb3fea5831b4cbcd4fcfb\spring-boot-starter-tomcat-3.2.1.jar;C:\Users\Lonewolf\.gradle\caches\modules-2\files-2.1\org.springframework\spring-webmvc\6.1.2\906ee995372076e22ef9666d8628845c75bf5c42\spring-webmvc-6.1.2.jar;C:\Users\Lonewolf\.gradle\caches\modules-2\files-2.1\org.springframework\spring-web\6.1.2\f26b98778376cc39afb04fbb6fdd7543bef89f2\spring-web-6.1.2.jar;C:\Users\Lonewolf\.gradle\caches\modules-2\files-2.1\org.springframework\spring-aop\6.1.2\a247bd81df8fa9c6a002b95969692bfd146a70b2\spring-aop-6.1.2.jar;C:\Users\Lonewolf\.gradle\caches\modules-2\files-2.1\org.aspectj\aspectjweaver\1.9.21\beaabaea95c7f3330f415c72ee0ffe79b51d172f\aspectjweaver-1.9.21.jar;C:\Users\Lonewolf\.gradle\caches\modules-2\files-2.1\com.zaxxer\HikariCP\5.0.1\a74c7f0a37046846e88d54f7cb6ea6d565c65f9c\HikariCP-5.0.1.jar;C:\Users\Lonewolf\.gradle\caches\modules-2\files-2.1\org.springframework\spring-jdbc\6.1.2\2c9b37e4cc9bfd7e413d4685f09b6c5447d75638\spring-jdbc-6.1.2.jar;C:\Users\Lonewolf\.gradle\caches\modules-2\files-2.1\jakarta.persistence\jakarta.persistence-api\3.1.0\66901fa1c373c6aff65c13791cc11da72060a8d6\jakarta.persistence-api-3.1.0.jar;C:\Users\Lonewolf\.gradle\caches\modules-2\files-2.1\jakarta.transaction\jakarta.transaction-api\2.0.1\51a520e3fae406abb84e2e1148e6746ce3f80a1a\jakarta.transaction-api-2.0.1.jar;C:\Users\Lonewolf\.gradle\caches\modules-2\files-2.1\org.springframework\spring-context\6.1.2\15df19852991220556b4462a366269b8e15278eb\spring-context-6.1.2.jar;C:\Users\Lonewolf\.gradle\caches\modules-2\files-2.1\org.springframework\spring-orm\6.1.2\32d93c8762b828e9017429528879d5f57be83b8f\spring-orm-6.1.2.jar;C:\Users\Lonewolf\.gradle\caches\modules-2\files-2.1\org.springframework.data\spring-data-commons\3.2.1\5983faa6a0f8b3a11a0cfc2ce1fabd43379a02d2\spring-data-commons-3.2.1.jar;C:\Users\Lonewolf\.gradle\caches\modules-2\files-2.1\org.springframework\spring-tx\6.1.2\48b9ff81c43345320779b402f1bb33b9f46ec4e9\spring-tx-6.1.2.jar;C:\Users\Lonewolf\.gradle\caches\modules-2\files-2.1\org.springframework\spring-beans\6.1.2\abf52f2254975a3b1e95b2b63fb8b01d891cdc51\spring-beans-6.1.2.jar;C:\Users\Lonewolf\.gradle\caches\modules-2\files-2.1\org.springframework\spring-core\6.1.2\e43c71a9eaca454654621f7d272f15b53c68d583\spring-core-6.1.2.jar;C:\Users\Lonewolf\.gradle\caches\modules-2\files-2.1\org.antlr\antlr4-runtime\4.13.0\5a02e48521624faaf5ff4d99afc88b01686af655\antlr4-runtime-4.13.0.jar;C:\Users\Lonewolf\.gradle\caches\modules-2\files-2.1\jakarta.annotation\jakarta.annotation-api\2.1.1\48b9bda22b091b1f48b13af03fe36db3be6e1ae3\jakarta.annotation-api-2.1.1.jar;C:\Users\Lonewolf\.gradle\caches\modules-2\files-2.1\org.slf4j\slf4j-api\2.0.9\7cf2726fdcfbc8610f9a71fb3ed639871f315340\slf4j-api-2.0.9.jar;C:\Users\Lonewolf\.gradle\caches\modules-2\files-2.1\org.springframework.boot\spring-boot-autoconfigure\3.2.1\b100d2d21d45dddd740d496357ca6f3813d777d0\spring-boot-autoconfigure-3.2.1.jar;C:\Users\Lonewolf\.gradle\caches\modules-2\files-2.1\org.springframework.boot\spring-boot\3.2.1\faa2ce019bee68a8d17529d0a08ebc427f927e13\spring-boot-3.2.1.jar;C:\Users\Lonewolf\.gradle\caches\modules-2\files-2.1\org.springframework.boot\spring-boot-starter-logging\3.2.1\df8ec78dc87885298998ca3c9bd603ee7bfe5b8\spring-boot-starter-logging-3.2.1.jar;C:\Users\Lonewolf\.gradle\caches\modules-2\files-2.1\org.yaml\snakeyaml\2.2\3af797a25458550a16bf89acc8e4ab2b7f2bfce0\snakeyaml-2.2.jar;C:\Users\Lonewolf\.gradle\caches\modules-2\files-2.1\org.thymeleaf\thymeleaf\3.1.2.RELEASE\273997509a4c7aef86cee0521750140c587d9be2\thymeleaf-3.1.2.RELEASE.jar;C:\Users\Lonewolf\.gradle\caches\modules-2\files-2.1\jakarta.validation\jakarta.validation-api\3.0.2\92b6631659ba35ca09e44874d3eb936edfeee532\jakarta.validation-api-3.0.2.jar;C:\Users\Lonewolf\.gradle\caches\modules-2\files-2.1\org.jboss.logging\jboss-logging\3.5.3.Final\c88fc1d8a96d4c3491f55d4317458ccad53ca663\jboss-logging-3.5.3.Final.jar;C:\Users\Lonewolf\.gradle\caches\modules-2\files-2.1\com.fasterxml\classmate\1.6.0\91affab6f84a2182fce5dd72a8d01bc14346dddd\classmate-1.6.0.jar;C:\Users\Lonewolf\.gradle\caches\modules-2\files-2.1\com.fasterxml.jackson.datatype\jackson-datatype-jsr310\2.15.3\4a20a0e104931bfa72f24ef358c2eb63f1ef2aaf\jackson-datatype-jsr310-2.15.3.jar;C:\Users\Lonewolf\.gradle\caches\modules-2\files-2.1\com.fasterxml.jackson.module\jackson-module-parameter-names\2.15.3\8d251b90c5358677e7d8161e0c2488e6f84f49da\jackson-module-parameter-names-2.15.3.jar;C:\Users\Lonewolf\.gradle\caches\modules-2\files-2.1\com.fasterxml.jackson.datatype\jackson-datatype-jdk8\2.15.3\80158cb020c7bd4e4ba94d8d752a65729dc943b2\jackson-datatype-jdk8-2.15.3.jar;C:\Users\Lonewolf\.gradle\caches\modules-2\files-2.1\com.fasterxml.jackson.core\jackson-databind\2.15.3\a734bc2c47a9453c4efa772461a3aeb273c010d9\jackson-databind-2.15.3.jar;C:\Users\Lonewolf\.gradle\caches\modules-2\files-2.1\org.apache.tomcat.embed\tomcat-embed-websocket\10.1.17\9ee2f34b51144b75878c9b42768e17de8fbdc74b\tomcat-embed-websocket-10.1.17.jar;C:\Users\Lonewolf\.gradle\caches\modules-2\files-2.1\org.apache.tomcat.embed\tomcat-embed-core\10.1.17\5b9185ee002f9e194d2cb21ddcf8bc5f3d4a69da\tomcat-embed-core-10.1.17.jar;C:\Users\Lonewolf\.gradle\caches\modules-2\files-2.1\org.springframework\spring-expression\6.1.2\98786397734b27b7c8843a6b01a7fa34d40d6806\spring-expression-6.1.2.jar;C:\Users\Lonewolf\.gradle\caches\modules-2\files-2.1\io.micrometer\micrometer-observation\1.12.1\fbd0e0e9b6a36effd53e0eee35b050ed1f548ae5\micrometer-observation-1.12.1.jar;C:\Users\Lonewolf\.gradle\caches\modules-2\files-2.1\org.springframework\spring-jcl\6.1.2\285eb725861c9eacf2a3e4965d4e897932e335ea\spring-jcl-6.1.2.jar;C:\Users\Lonewolf\.gradle\caches\modules-2\files-2.1\ch.qos.logback\logback-classic\1.4.14\d98bc162275134cdf1518774da4a2a17ef6fb94d\logback-classic-1.4.14.jar;C:\Users\Lonewolf\.gradle\caches\modules-2\files-2.1\org.apache.logging.log4j\log4j-to-slf4j\2.21.1\d77b2ba81711ed596cd797cc2b5b5bd7409d841c\log4j-to-slf4j-2.21.1.jar;C:\Users\Lonewolf\.gradle\caches\modules-2\files-2.1\org.slf4j\jul-to-slf4j\2.0.9\9ef7c70b248185845f013f49a33ff9ca65b7975\jul-to-slf4j-2.0.9.jar;C:\Users\Lonewolf\.gradle\caches\modules-2\files-2.1\org.attoparser\attoparser\2.0.7.RELEASE\e5d0e988d9124139d645bb5872b24dfa23e283cc\attoparser-2.0.7.RELEASE.jar;C:\Users\Lonewolf\.gradle\caches\modules-2\files-2.1\org.unbescape\unbescape\1.1.6.RELEASE\7b90360afb2b860e09e8347112800d12c12b2a13\unbescape-1.1.6.RELEASE.jar;C:\Users\Lonewolf\.gradle\caches\modules-2\files-2.1\com.fasterxml.jackson.core\jackson-annotations\2.15.3\79baf4e605eb3bbb60b1c475d44a7aecceea1d60\jackson-annotations-2.15.3.jar;C:\Users\Lonewolf\.gradle\caches\modules-2\files-2.1\com.fasterxml.jackson.core\jackson-core\2.15.3\60d600567c1862840397bf9ff5a92398edc5797b\jackson-core-2.15.3.jar;C:\Users\Lonewolf\.gradle\caches\modules-2\files-2.1\io.micrometer\micrometer-commons\1.12.1\abcc6b294e60582afdfae6c559c94ad1d412ce2d\micrometer-commons-1.12.1.jar;C:\Users\Lonewolf\.gradle\caches\modules-2\files-2.1\ch.qos.logback\logback-core\1.4.14\4d3c2248219ac0effeb380ed4c5280a80bf395e8\logback-core-1.4.14.jar;C:\Users\Lonewolf\.gradle\caches\modules-2\files-2.1\org.apache.logging.log4j\log4j-api\2.21.1\74c65e87b9ce1694a01524e192d7be989ba70486\log4j-api-2.21.1.jar;C:\Users\Lonewolf\.gradle\caches\modules-2\files-2.1\org.springframework.boot\spring-boot-devtools\3.2.1\6c725582be436b834450dffb0e158c3276f0183e\spring-boot-devtools-3.2.1.jar;C:\Users\Lonewolf\.gradle\caches\modules-2\files-2.1\com.mysql\mysql-connector-j\8.1.0\3f78d2963935f44a61edb3961a591cdc392c8941\mysql-connector-j-8.1.0.jar;C:\Users\Lonewolf\.gradle\caches\modules-2\files-2.1\org.hibernate.common\hibernate-commons-annotations\6.0.6.Final\77a5f94b56d49508e0ee334751db5b78e5ccd50c\hibernate-commons-annotations-6.0.6.Final.jar;C:\Users\Lonewolf\.gradle\caches\modules-2\files-2.1\io.smallrye\jandex\3.1.2\a6c1c89925c7df06242b03dddb353116ceb9584c\jandex-3.1.2.jar;C:\Users\Lonewolf\.gradle\caches\modules-2\files-2.1\net.bytebuddy\byte-buddy\1.14.10\8117daf4a612122eb4f517f66adff778cb8b4737\byte-buddy-1.14.10.jar;C:\Users\Lonewolf\.gradle\caches\modules-2\files-2.1\org.glassfish.jaxb\jaxb-runtime\4.0.4\7180c50ef8bd127bb1dd645458b906cffcf6c2b5\jaxb-runtime-4.0.4.jar;C:\Users\Lonewolf\.gradle\caches\modules-2\files-2.1\jakarta.xml.bind\jakarta.xml.bind-api\4.0.1\ca2330866cbc624c7e5ce982e121db1125d23e15\jakarta.xml.bind-api-4.0.1.jar;C:\Users\Lonewolf\.gradle\caches\modules-2\files-2.1\jakarta.inject\jakarta.inject-api\2.0.1\4c28afe1991a941d7702fe1362c365f0a8641d1e\jakarta.inject-api-2.0.1.jar;C:\Users\Lonewolf\.gradle\caches\modules-2\files-2.1\org.glassfish.jaxb\jaxb-core\4.0.4\2d5aadd02af86f1e9d8c6f7e8501673f915d4e25\jaxb-core-4.0.4.jar;C:\Users\Lonewolf\.gradle\caches\modules-2\files-2.1\jakarta.activation\jakarta.activation-api\2.1.2\640c0d5aff45dbff1e1a1bc09673ff3a02b1ba12\jakarta.activation-api-2.1.2.jar;C:\Users\Lonewolf\.gradle\caches\modules-2\files-2.1\org.eclipse.angus\angus-activation\2.0.1\eaafaf4eb71b400e4136fc3a286f50e34a68ecb7\angus-activation-2.0.1.jar;C:\Users\Lonewolf\.gradle\caches\modules-2\files-2.1\org.glassfish.jaxb\txw2\4.0.4\cfd2bcf08782673ac370694fdf2cf76dbaa607ef\txw2-4.0.4.jar;C:\Users\Lonewolf\.gradle\caches\modules-2\files-2.1\com.sun.istack\istack-commons-runtime\4.1.2\18ec117c85f3ba0ac65409136afa8e42bc74e739\istack-commons-runtime-4.1.2.jar, java.vm.vendor=Oracle Corporation, sun.arch.data.model=64, user.variant=, java.vendor.url=https://java.oracle.com/, user.timezone=Asia/Colombo, java.vm.specification.version=17, os.name=Windows 10, sun.java.launcher=SUN_STANDARD, user.country=GB, sun.boot.library.path=C:\Program Files\Java\jdk-17\bin, spring.application.admin.enabled=true, sun.java.command=lk.steam.rms.RmsApplication, com.sun.management.jmxremote=, jdk.debug=release, spring.liveBeansView.mbeanDomain=, sun.cpu.endian=little, user.home=C:\Users\Lonewolf, user.language=en, java.specification.vendor=Oracle Corporation, java.version.date=2023-10-17, java.home=C:\Program Files\Java\jdk-17, spring.output.ansi.enabled=always, file.separator=\, java.vm.compressedOopsMode=Zero based, line.separator=
, java.vm.specification.vendor=Oracle Corporation, java.specification.name=Java Platform API Specification, appmap.config.file=D:\BIT Notes\Project\Project\rms\appmap.yml, user.script=, sun.management.compiler=HotSpot 64-Bit Tiered Compilers, java.runtime.version=17.0.9+11-LTS-201, user.name=Lonewolf, spring.jmx.enabled=true, path.separator=;, management.endpoints.jmx.exposure.include=*, os.version=10.0, java.runtime.name=Java(TM) SE Runtime Environment, file.encoding=UTF-8, java.vm.name=Java HotSpot(TM) 64-Bit Server VM, java.vendor.url.bug=https://bugreport.java.com/bugreport/, java.io.tmpdir=C:\Users\Lonewolf\AppData\Local\Temp\, java.version=17.0.9, user.dir=D:\BIT Notes\Project\Project\rms, os.arch=amd64, java.vm.specification.name=Java Virtual Machine Specification, sun.os.patch.level=, native.encoding=Cp1252, java.library.path=C:\Program Files\Java\jdk-17\bin;C:\WINDOWS\Sun\Java\bin;C:\WINDOWS\system32;C:\WINDOWS;C:\Program Files (x86)\VMware\VMware Workstation\bin\;C:\Program Files\Common Files\Oracle\Java\javapath;C:\WINDOWS\system32;C:\WINDOWS;C:\WINDOWS\System32\Wbem;C:\WINDOWS\System32\WindowsPowerShell\v1.0\;C:\WINDOWS\System32\OpenSSH\;C:\Program Files\Git\cmd;C:\Program Files\PowerShell\7\;C:\ProgramData\chocolatey\bin;C:\Program Files\dotnet\;C:\Users\Lonewolf\AppData\Local\Microsoft\WindowsApps;C:\Program Files\JetBrains\PhpStorm 2023.3\bin;;C:\Program Files\JetBrains\IntelliJ IDEA 2023.3\bin;;C:\Users\Lonewolf\AppData\Local\Programs\Microsoft VS Code\bin;C:\Users\Lonewolf\AppData\Local\GitHubDesktop\bin;., java.vm.info=mixed mode, emulated-client, sharing, java.vendor=Oracle Corporation, java.vm.version=17.0.9+11-LTS-201, sun.io.unicode.encoding=UnicodeLittle, java.class.version=61.0}
00:42:58.614 [http-nio-8080-exec-1] INFO Recording.moveTo: Saving AppMap D:\BIT Notes\Project\Project\rms\tmp\appmap\request_recording\1712257978_381__.appmap.json
00:42:59.166 [http-nio-8080-exec-2] INFO Recording.moveTo: Saving AppMap D:\BIT Notes\Project\Project\rms\tmp\appmap\request_recording\1712257978_959__favicon_ico.appmap.json
00:43:08.795 [http-nio-8080-exec-4] INFO Recording.moveTo: Saving AppMap D:\BIT Notes\Project\Project\rms\tmp\appmap\request_recording\1712257988_732__batch.appmap.json
00:43:16.764 [http-nio-8080-exec-6] INFO Recording.moveTo: Saving AppMap D:\BIT Notes\Project\Project\rms\tmp\appmap\request_recording\1712257996_201__Batch.appmap.json
00:43:20.005 [http-nio-8080-exec-3] INFO Recording.moveTo: Saving AppMap D:\BIT Notes\Project\Project\rms\tmp\appmap\request_recording\1712257999_395__Course_findall.appmap.json
00:43:20.139 [http-nio-8080-exec-1] INFO Recording.moveTo: Saving AppMap D:\BIT Notes\Project\Project\rms\tmp\appmap\request_recording\1712258000_113__Day_findall.appmap.json
00:43:20.561 [http-nio-8080-exec-9] INFO Recording.moveTo: Saving AppMap D:\BIT Notes\Project\Project\rms\tmp\appmap\request_recording\1712258000_531__LectureRoom_findall.appmap.json
00:43:20.861 [http-nio-8080-exec-10] INFO Recording.moveTo: Saving AppMap D:\BIT Notes\Project\Project\rms\tmp\appmap\request_recording\1712258000_661__Batch_findall.appmap.json
00:43:27.106 [Thread-3] INFO ClassFileTransformer.lambda$logStatistics$14: +++ method call +++
00:43:27.107 [Thread-3] INFO ClassFileTransformer.lambda$logStatistics$14: classes examined: 13760
00:43:27.107 [Thread-3] INFO ClassFileTransformer.lambda$logStatistics$14: classes ignored: 9666
00:43:27.107 [Thread-3] INFO ClassFileTransformer.lambda$logStatistics$14: methods examined: 105749
00:43:27.107 [Thread-3] INFO ClassFileTransformer.lambda$logStatistics$14: methods instrumented: 26
00:43:27.108 [Thread-3] INFO ClassFileTransformer.lambda$logStatistics$14: === method call ===
00:43:27.108 [Thread-3] INFO ClassFileTransformer.lambda$logStatistics$14: +++ system hook +++
00:43:27.108 [Thread-3] INFO ClassFileTransformer.lambda$logStatistics$14: classes examined: 12788
00:43:27.108 [Thread-3] INFO ClassFileTransformer.lambda$logStatistics$14: classes ignored: 9552
00:43:27.108 [Thread-3] INFO ClassFileTransformer.lambda$logStatistics$14: methods examined: 104761
00:43:27.108 [Thread-3] INFO ClassFileTransformer.lambda$logStatistics$14: methods instrumented: 116
00:43:27.109 [Thread-3] INFO ClassFileTransformer.lambda$logStatistics$14: === system hook ===
00:43:27.109 [Thread-3] INFO ClassFileTransformer.lambda$logStatistics$14: +++ proxy hooks +++
00:43:27.109 [Thread-3] INFO ClassFileTransformer.lambda$logStatistics$14: classes examined: 0
00:43:27.109 [Thread-3] INFO ClassFileTransformer.lambda$logStatistics$14: classes ignored: 0
00:43:27.109 [Thread-3] INFO ClassFileTransformer.lambda$logStatistics$14: methods examined: 0
00:43:27.109 [Thread-3] INFO ClassFileTransformer.lambda$logStatistics$14: methods instrumented: 0
00:43:27.109 [Thread-3] INFO ClassFileTransformer.lambda$logStatistics$14: === proxy hooks ===
